7ODCA
2QUDA
1WBAA
3EYTA
2I9WA
1D2SA
1WVFA
1DQTA
2VGXA
1OD3A
3BSOA
2W0IA
1OEWA
2HBWA
3EBTA
2IXSA
1EZIA
1LG7A
1JH6A
2OLRA
1O26A
1QMYA
1SE8A
1YD9A
2QTQA
3EJKA
1KMVA
1LM5A
2I0KA
2ZB4A
3CIWA
2GN0A
1MJ5A
2FJRA
2BZVA
2PR7A
1P9HA
1RLJA
1MG4A
1K7WA
1KXOA
2QEUA
2ERBA
1HBNC
2RB7A
2I53A
1R17A
1VZIA
3CWWA
2GB4A
2ZODA
1VJLA
1ZHVA
1N9PA
4BCLA
1QFTA
1EAQA
3DLUA
2O1QA
1T8TA
2I7NA
2HSIA
2UWAA
1FO8A
2DKOB
3FDHA
2NY1A
3B50A
3BCIA
2PEFA
3EF8A
2VZSA
1EDGA
3EAFA
2YXNA
2OC5A
2Z0BA
3BWUF
2ZGWA
2D0OA
1K0MA
1Z9LA
1RWIA
1UJ2A
1XKPC
2A14A
2ZAYA
1M15A
2IQYA
2OIXA
2HHCA
2O6SA
3CC8A
1JU3A
2IMIA
3EW8A
2A2KA
2QGUA
1ZQ6A
3F6CA
2HLYA
1S5AA
1TC5A
2EI9A
1XTTA
2HQSA
3BMZA
2AZ4A
3CHVA
1SUUA
2DVMA
1POCA
1IAPA
1PBWA
1GNLA
1V0EA
1HBNA
2BOUA
1W2WB
2ICHA
2GWNA
3CU2A
1TKEA
3BONA
1JB7B
2RK3A
1R9WA
3FH2A
2FTRA
1FJ2A
1FP2A
2EWHA
3CGIA
1DMGA
1QOPB
2PV2A
3D3YA
2AH5A
2DOKA
1SU8A
1WHSB
1XJJA
1OYGA
1XFSA
2EABA
1QUSA
1ZAVA
1O13A
1FXOA
2Q8KA
1N0WA
2ANXA
1DVOA
3CBNA
1YN9A
2ZL7A
1DEUA
2JGBA
2PPQA
2CCMA
1PM4A
3E05A
1M5WA
3B9OA
1LUCA
1WN2A
1G8KA
1OH0A
1K5NA
1H99A
2O6FA
1UHKA
1A4IA
2GDMA
3DTBA
2FBLA
1D8WA
2V2FF
2PQ7A
3CNBA
3E9KA
3C46A
2ZA0A
1SX5A
3FDBA
1NYTA
1NZ0A
2EJXA
2B1YA
1ORUA
2IGIA
1OGOX
2H1TA
2CO3A
1HDOA
1WUIS
1YB3A
1LV7A
3C3YA
2QZUA
1MTYB
1R9FA
2BWRA
2BONA
3C7FA
1O7IA
2VZCA
3B7LA
1JX6A
1JF8A
1SR4C
1SEIA
2QRLA
2F01A
2P5BA
3EMHA
1DFUP
3F0HA
2VUNA
1UNNC
1VQSA
2B3NA
2HC1A
2PD1A
3CTZA
2F4MA
2QQ4A
3BHNA
3D7AA
3D4EA
2NXVA
1KSHB
1NSZA
1SNRA
2AV4A
1DZFA
2IYVA
3DLMA
2VTCA
1JMKC
1YUMA
2OGFA
3BLDA
1I88A
3CNVA
1RK6A
1JMXB
1EKQA
1VPBA
2QHFA
2PW0A
2V3GA
2DYOA
2O70A
1TZVA
2HEKA
1T1UA
1GVJA
3BUTA
2F6UA
2E4TA
1YKUA
1VGJA
1JE5A
1G60A
1IQ4A
2YZYA
3CNYA
3CBWA
1KUGA
1VFLA
2AG4A
1VPRA
2VROA
2CJ4A
2E4MC
2VJIA
1JSDB
2UVPA
2UYTA
1R6WA
1QH5A
2CB2A
2JCBA
2PIEA
2NTEA
1ROCA
2YYOA
1QKSA
2C1VA
1EB6A
1SG6A
1LQTA
2OTMA
2YZSA
1DPGA
1B6AA
3DWVA
1QF5A
1R9LA
1VE2A
2F22A
2J97A
2EBNA
1KQ6A
1RXQA
2V4WA
3E4VA
1V6SA
1W66A
2GRCA
2FD6U
1KNMA
2VH3A
2PWWA
1K55A
1YT3A
3BPZA
1TU1A
1SLUA
2PH0A
3B79A
2YYKA
1I52A
2FGQX
1JFRA
1YB0A
1GP6A
1ES9A
1HUWA
1Z2UA
1JOVA
3CKMA
3C8WA
1UFYA
3CJDA
1JWQA
2AEUA
1AYOA
2NSFA
1JFBA
2QSKA
2NX9A
1K6KA
1R77A
1UWFA
2PNWA
1O75A
1JYKA
3CRRA
2F5TX
1H4RA
3BS4A
1U60A
1PZ4A
1B9WA
1KKOA
2ZKMX
1YG9A
2HLJA
1G8LA
2QH9A
3COVA
1RIFA
2OPLA
1TZYB
3DO8A
1UEKA
1DG6A
1H97A
3BFMA
2OT4A
1KAEA
2GKGA
1QHDA
1X38A
2B9EA
1P57A
3DUWA
2IFXA
3BYQA
2FRGP
1FNNA
1Y5IC
2NX2A
2QSIA
3D59A
2FIPA
1GS9A
1VKHA
1VRAB
1IG0A
3C68A
2A8YA
1VK1A
1SQWA
1JR7A
2O2XA
2RFVA
2FAOA
1XQOA
1LL2A
2I49A
2V8LA
1WERA
3BKZA
3EEHA
1TWDA
2DC4A
1L9XA
3CT6A
1OO0B
3BEXA
1ORSC
3DVOA
2RLDA
2QVKA
2COVD
1GPRA
1FTRA
1F9YA
2YQCA
2Q24A
3D0FA
3F43A
2Z98A
2BS2C
2OHHA
1IBYA
1BTEA
2QC1B
1OISA
2I2WA
2GAGD
3D4LA
2HLZA
1SRVA
3BHQA
1LKKA
2FNOA
1HD2A
2OSXA
2HRAA
2VLQB
2G7IA
2CIBA
1Q6ZA
2BM5A
2QV8A
2FHZA
2IA7A
1TA8A
1Z0WA
3CG6A
1V33A
3BGYA
2TGIA
3DRWA
2O7IA
1V54E
2V1BA
2O7AA
1OTKA
1DCIA
1B1CA
1T1DA
1C1DA
3BEOA
1DJ0A
1LK2B
1DS1A
3BP5B
2EGVA
2OR2A
1XWVA
1PGSA
2CARA
2QTSA
1L5OA
1QNRA
1DNLA
1VLSA
1KQFC
3EBVA
2Q0ZX
1F32A
1TXLA
2OO6A
1NQJA
1E29A
1ML4A
1O4SA
2NUJA
1N97A
1WZUA
2YV4A
2PU9A
2EHPA
1HUFA
2J7UA
1IJYA
1UPQA
3BS6A
1TJYA
2W1JA
1V3EA
1UW4B
1NTVA
2GK4A
2V33A
3TDTA
2QV5A
1A9XB
1VL7A
3BB7A
2RDCA
1EU8A
2PA8D
1DWKA
1VGYA
2JDJA
3BAMA
2OYAA
1DQGA
1K8KE
2ZCMA
2R6ZA
1FVIA
1M40A
1MDCA
2YWLA
1SQSA
1C1LA
3CUZA
2RKHA
1C7KA
2VO9A
2G2CA
2CF5A
1IFRA
3DZ1A
2GJ3A
1WDJA
3CVJA
2FF4A
2OGBA
2R6OA
2IMSA
1OW1A
1C7SA
2BJFA
1G6HA
1D2OA
2IP1A
1XZZA
2HW2A
2IC2A
3F0PA
2NVHA
1EFDN
1TQHA
1QCSA
2G9WA
2R6JA
2J9WA
2EKLA
1ATGA
1K3XA
1KPTA
3B4NA
2Z9IA
1T06A
2RBGA
1EQ2A
2PK8A
1FD0A
1XEWX
1P3DA
1MV8A
2OFZA
2FYQA
2PPVA
2FOJA
3CZPA
1VDKA
3B4UA
1JHSA
3C9AA
2BO4A
1BM8A
3BPWA
2E52A
3D79A
2OMLA
2V6KA
2OG4A
3BUUA
1J1TA
2Q62A
1JUVA
2Q12A
2F7VA
2V1OA
1V0AA
2GTRA
1T6UA
1YRRA
1SVBA
1WHOA
2OH3A
1D02A
1NZJA
2IM8A
1QQP2
2ELCA
2GA1A
2JG0A
2R751
3BOEA
1LQVA
2NW2A
1I5GA
2GZBA
1NR0A
3EERA
2UZ1A
2ZPTX
2BMWA
2VNGA
1PMHX
2P97A
1A34A
3BBBA
1H05A
2GFFA
3CXKA
1MTYG
2CXYA
2R4AA
2GVIA
2OZTA
4UBPB
1PQHA
1IA9A
1MQOA
1YROB
1MK4A
2NR4A
1YGTA
1RWRA
1PO5A
2G3WA
2HDOA
3CX5D
1GA6A
2OB3A
2BMOB
1W23A
1RSSA
2GXQA
1J24A
3DCMX
1Q9UA
1MVLA
1Y9IA
1V0WA
1DQPA
3DCDA
2GXGA
1YRCA
2HOXA
2J9CA
1L3LA
1RW1A
2DBNA
1K4IA
1YC5A
2ZFYA
2QHKA
2QMCB
3DCXA
3CW9A
1ZZGA
2HY5A
1KJQA
1Q2YA
3D00A
2FCOA
1ZDYA
1F1MA
1VJUA
1XVWA
2G64A
3BIOA
2O2KA
2OXGB
2OWPA
2QFEA
3CWRA
1XV2A
1RJDA
7AHLA
3E57A
2QIPA
1JNDA
3E0XA
2NQ5A
3F2KA
2Z0XA
2CNQA
2QEEA
2GRRB
1YOZA
1OA8A
3BJEA
2CKLB
3C8DA
2FBNA
1OMHA
1R4VA
2ZBIA
1QW9A
2CW9A
2UZ8A
3E4GA
2GUDA
3C96A
1RO7A
1VPTA
1O6DA
2F5GA
3CPNA
3CP3A
1T3TA
2A6ZA
2OD6A
1GBSA
3F2IA
1H7SA
1SFSA
2DGKA
1WLGA
2Z1YA
2V6VA
2P26A
2OH5A
1WAAA
1R6XA
1SG4A
1UKKA
1MWQA
2GHSA
1XM3A
1GAKA
1F0LA
1S5UA
2BBAA
1XVHA
1WJ9A
2O0AA
2IWAA
1T5RA
1EEXA
2UU8A
1VJVA
1ECAA
1XDNA
2FB5A
2BOGX
1JR8A
1N62B
3EBKA
1LMLA
2HBTA
2CJTA
3ETOA
1IJBA
1G5AA
2ZNRA
2PBIB
1IIBA
2OB0A
3BA1A
1M7YA
2H2ZA
1USGA
2CYGA
2FCWA
2FSUA
3EEAA
1M4LA
1RZHH
3DSSA
2IUWA
1QB5D
1VHUA
2CM4A
1BKRA
2SICI
1K7CA
1ZK5A
1VKKA
1NSJA
1MJUL
1W0HA
1STMA
1XS0A
2VCLA
1RV9A
1K3YA
1T5IA
3CNMA
1LO7A
1EUVA
3DNPA
1PX4A
1FN9A
1V7WA
1WDPA
2BGXA
1WPUA
1HDHA
3C24A
2ICUA
1S21A
1DK8A
1L3PA
1INLA
2A1IA
2NR7A
2DPMA
2GU9A
1SZHA
1M65A
2QEDA
2B3SA
1ZC3B
2JDIG
2REUA
1XAUA
1MUWA
3CLAA
2W40A
1MNNA
1DK0A
1PX5A
1K92A
1Q7EA
1VK4A
2PRVA
2NPTA
2HQLA
1KAFA
2RBDA
3BQOA
2JE6B
3BT5A
2JDCA
2V9KA
1ALUA
1E4FT
3DBOB
3E61A
2VVPA
2OWAA
2GF6A
1PFVA
1J5UA
2OKUA
1M1FA
1I36A
1CUJA
2A0BA
2CFUA
3EYEA
2JH1A
3FFJA
2JHFA
2RBKA
1W6GA
2B02A
1XX1A
2ENGA
1OFLA
2H26A
1WUBA
2UUUA
2I5IA
2GAKA
2A9IA
1H2CA
1GWMA
1QAZA
2OZNA
1TXGA
1TQGA
3FFRA
1W7CA
2D59A
1NYKA
1UVJA
1PMIA
3DS8A
3DHAA
3EUPA
1WEHA
2H8EA
3C37A
2P9BA
1MZGA
2ZCAA
2V2PA
3F40A
2VUWA
1LYVA
2AKAB
2JE6A
3DNXA
1LB6A
2JHMF
3B9WA
2BJQA
2AXWA
1OQVA
3F8XA
1VHQA
1YMTA
1S9UA
1U7PA
1WUIL
1DC1A
3C2UA
256BA
2BGIA
1WPAA
2J6VA
1N4WA
3C9UA
2NUHA
1M22A
2FSHA
2I5VO
1XW3A
2IMHA
2IT2A
2IBAA
2CVDA
2V3SA
2RH0A
3EZUA
2JIGA
1TZPA
2O34A
2IXDA
1YARA
3DR7A
2OVJA
2R4FA
1QLWA
1K8WA
2OMZB
1S2OA
2OKXA
1BRTA
2A3NA
2HZLA
1PQ7A
2BPTA
2DG1A
2ILKA
1P6OA
1ZK4A
1YQHA
2P86A
1ZD8A
3CX5C
1EEMA
3DZAA
2Q9KA
1TIQA
1WHSA
3EGAA
1VAJA
2Q5XA
2YVTA
2BFDB
1ZJCA
1UNQA
2QTCA
1J98A
1MFMA
1HX0A
2VFXA
2B5WA
1HBNB
2QE9A
1JQ5A
1DCSA
1I1JA
3FGVA
2G0WA
1NTHA
2CIWA
2IM9A
2P9WA
2BO9B
1R7LA
2FURA
3D3MA
2IBLA
2C82A
1ZARA
1WTJA
2P8GA
2PC8A
2A35A
3DG9A
2AXIA
1X7DA
3BPKA
1XMTA
1YE8A
3B7CA
1MK0A
1VEFA
2RL8A
2AJ6A
2I51A
1XV5A
2IVFC
1DY5A
1QL0A
3B5OA
1WRDA
3C5KA
2VUKA
2RA9A
1SURA
1HW1A
2D4PA
1LLFA
3ER7A
1THFD
2V3IA
2V3KA
2RERA
1NE9A
1IB2A
2R2YA
1TZYA
3CK1A
2G50A
1B5EA
2R01A
1O22A
1DMHA
1AE9A
3E7HA
1IN4A
1LU4A
3EBQA
1H4GA
2ZBTA
2CXNA
2AP3A
1S5DA
2CWYA
2F5XA
1QF8A
1Y0KA
2J8KA
2C71A
2I7GA
2DKOA
2CWZA
1GXJA
2ARCA
1PZ7A
2D1SA
1JUHA
2QOLA
2P38A
3BCYA
2FIUA
2D5WA
1LWBA
1NOXA
2G84A
1M4JA
1NNWA
2HQTA
1B43A
2FHZB
1RYLA
2RK9A
1CFBA
1K4NA
2GYQA
2RKVA
2O4VA
1URSA
1QOYA
2Z5EA
1X6ZA
1EU3A
2R78A
2H7MA
1JIXA
1UZKA
2GUHA
2PY5A
1XJUA
1M1HA
2FCLA
2P4HX
3E2OA
1MF7A
1OO0A
2IZ6A
1UWWA
1QX4A
1YU0A
1RMGA
1VCTA
1WDDS
2PUHA
2Z14A
1ZTDA
1S7ZA
2QF4A
2B50A
1OFDA
2BNLA
1OYWA
1BUPA
2P0SA
2VECA
3BQ9A
1RZHM
2C7PA
1SKZA
1KNGA
2RHKA
1NU4A
1V84A
2P51A
3D30A
3CYPB
2VB1A
2NTPA
2BI0A
2YSKA
2GNPA
1SA3A
1J5PA
2DCFA
1TFZA
1OI2A
2W3YA
2QPUA
3C7MA
1V4PA
2AU7A
1FCQA
2E2OA
2C3VA
2VLGA
2V94A
3D85D
3C8MA
1TT8A
1RYOA
2RH3A
2DWKA
3CEXA
1YQGA
2FJ8A
1WWIA
1ZCEA
1Y60A
1OU8A
1QWYA
1TUAA
2O0BA
2BJIA
1JHGA
2QMMA
3EZIA
1SBXA
1HH8A
1VHTA
1AOCA
2DM9A
1SBZA
3B2YA
1UYLA
1ONWA
1ZPSA
2AVWA
2QL8A
1Y93A
2G7SA
2EJAA
1Z6MA
2Z6OA
1RQWA
2HP7A
2OAFA
2QLTA
2HSBA
1YRKA
1PSRA
2A1KA
2QWXA
2IIHA
1M1NA
1UALA
2QDYB
2OX7A
1R4PA
1Q33A
2OZIA
1E58A
2E8EA
1GMUA
1GPPA
1SBPA
1YZXA
1UZ3A
2A4XA
2JH3A
1SFPA
2IMJA
2DSJA
1K5CA
2OB5A
3BWHA
1XIWA
1NJHA
1IXHA
3FDGA
1NNLA
2B06A
2A40B
1MIXA
1Q1FA
2QYCA
1VYKA
1GU2A
1WA5B
2OXOA
1OBBA
1NFPA
1YNPA
1SW5A
1WLUA
1PBYA
2Q6MA
2BHUA
1Z2WA
2FA1A
2PZ4A
2ASKA
3EDOA
2VCCA
2QKHA
2Q66A
1Q0PA
2HXMA
2DFAA
2Q35A
1VZYA
2JHNA
1ZGKA
2VJWA
2NWHA
2GZ6A
2QNLA
1WCWA
2FM9A
1AQZA
1WDDA
1R1HA
2OO3A
2W3QA
2RIQA
1RWHA
2DKJA
2F23A
1Y6ZA
2BEKA
1DFMA
3E6SA
2OD4A
1EZWA
2JK9A
3CZXA
1WNYA
1UPKA
2VTWA
1N3LA
2UV4A
1JO0A
1J7XA
1MAIA
2EJWA
2ZFGA
1VCHA
3F9SA
1NZYA
2IN0A
3C8ZA
1N2AA
1T0FA
1W5RA
2CH5A
3F67A
2QZQA
2V2GA
2G30A
3C70A
1QQP3
2IYAA
1VJOA
1FM0E
1E8CA
1IVNA
3BQ3A
3BN0A
1IWMA
1JYOA
1EYQA
1JYEA
3B9TA
1FL0A
2BUEA
1K8KD
2R1IA
1Z72A
1WA5C
1BGCA
2C8EE
2IGPA
1P1XA
1C8UA
1ZJJA
3ES4A
2R9FA
1EJDA
1S0IA
2NSZA
1LYQA
1GS5A
1Z6OM
2H9AB
1WURA
3ER6A
2CAYA
1CQMA
1MY7A
3BFVA
1F2TB
1RGZA
2RJ2A
1U5KA
2QJLA
1K07A
1MTPA
1KWFA
2Z0JA
2Q03A
2G5GX
2VV6A
1K2XB
2QULA
1XUBA
1U7EB
2OJ5A
1RWZA
3BNEA
1NKIA
1M9ZA
2NT0A
1H32A
2Q6KA
1QDDA
1G2RA
1NIGA
3EO8A
3CINA
1NF9A
3BM4A
1YPYA
2UVOA
1J5WA
1T6CA
1C1KA
1Y71A
1Q7FA
2C92A
1QD1A
1NJRA
2I8TA
1S7KA
2ZEXA
2QIAA
1HZTA
1U5PA
2FULA
1XJVA
1Z3XA
2PHNA
2ZUVA
1ZZ1A
1NTYA
3EQXA
1W2FA
1UJPA
1T7RA
2RFGA
2QY1A
1TDZA
1OGQA
3DMNA
2E56A
2EGZA
1JKEA
2JE8A
2PPNA
1MSCA
1V54F
2GAGC
2NS9A
2JG2A
1VI6A
1YLLA
2OLMA
1I0VA
2H1VA
1KV7A
3BC9A
1QR0A
2PTTB
3FEGA
1UKFA
1D4TA
2FYGA
2CWSA
3C0KA
1XOVA
1JIWI
1G5HA
2FCKA
1H16A
2QJZA
2Z72A
2DYJA
3DDLA
1YHTA
1N62C
1ODZA
2A9SA
1XGKA
1N5UA
1VI4A
1EWFA
1P5DX
3BP5A
2J6AA
1I4UA
2IWBA
3E48A
2BLNA
3BPTA
2P58C
2ZKDA
3F0DA
1KOEA
3DA4A
3CETA
1NVMB
1UCDA
1PBJA
2Z6RA
2PWOA
3C8IA
2I6CA
2CHOA
2D5FA
1NOFA
1YLKA
1VSRA
1HYOA
2R0HA
2F1NA
2YZHA
2IVNA
2J6BA
1UXOA
1F3UB
2DQWA
2DXAA
1IO0A
2QTWA
1RL0A
2ZCOA
2IDLA
1PB7A
1WMXA
2GJ4A
3CI3A
3B7SA
1T9IA
3C26A
1QJPA
1SD4A
2PORA
2HZTA
1U6ZA
2FB6A
1P90A
1EW4A
2NP5A
2Q2IA
2VVWA
1ZSQA
2ET1A
1QGIA
2UY2A
1A8DA
1OMVA
2DPLA
3DSHA
3EO7A
2CVEA
2EBEA
2V84A
2EFJA
2E5FA
2QSXA
1LSTA
2I74A
1I8AA
2ZDPA
1QJ8A
1CDCA
3E03A
2VKVA
2HP0A
1ELUA
2QE6A
2D48A
1NH2D
1NLQA
1TP6A
1WVHA
2OCTA
1T6SA
2ERVA
1FG7A
2PQ8A
1BQCA
1UMWA
2HQSC
2QTDA
1OB8A
1EEXB
1OE4A
3EOIA
1MWPA
2GB7A
2C5AA
2D28C
2RFRA
1WRAA
2V4XA
1F0KA
1NRJA
2R16A
3DSBA
1R5LA
1ELKA
1PG4A
1JIDA
2HIYA
1BTKA
2GUFA
2GIAA
2TPSA
1HZ4A
1ZL0A
2B82A
1I4JA
1PV5A
2SPCA
1XG4A
1MC2A
2A2MA
2VOKA
1G3PA
2GIBA
2OLNA
1TS9A
1BGFA
1VZWA
1Q0RA
2Z5BB
3CT5A
2JDID
2D5MA
1BF2A
2P02A
1MUSA
1U5XA
2ZPLA
2I2CA
1A53A
1ZR6A
3E2VA
2FXUA
1G6GA
1W8KA
2QNGA
2JLQA
3CH3X
3BWUD
2BKMA
1HP1A
3BLEA
1O97C
3CX5G
4UBPA
1J77A
1D2VA
1GQEA
3B64A
2FI1A
1U5UA
1ERZA
2GHTA
2Q9OA
1E7LA
2QWUA
3C6KA
2BBRA
1KOLA
3C86A
2ETVA
1P7TA
2IGXA
2RHMA
2CWRA
2VLAA
2HFTA
3ENDA
2G3RA
1UZEA
2J43A
3FC0A
1HM9A
2EIYA
2QYWA
3EPQA
2PEQA
1EZ3A
2QORA
1QKRA
2QEBA
1MXRA
3D32A
1PP0A
2O8PA
1H0HB
2CXHA
1PJXA
2PGZA
1N93X
3B6HA
2QA1A
1U4GA
3BJKA
1D0QA
1E8YA
1OAOC
2EZ2A
2IMQX
2JEKA
1HXIA
2NZXA
2V9VA
2W0GA
2OGXA
2P8JA
1WC2A
2PSPA
1CQQA
3ELKA
2F62A
2ERFA
2SCPA
2GS8A
3CPTA
2BCMA
1RT8A
1LMIA
1V77A
1D5TA
1NXMA
2O62A
1ARBA
1F5NA
1XKPB
1FS7A
1N8VA
1COZA
1YI9A
1HXNA
2CIUA
2BRJA
2C2QA
1CB8A
1WB4A
2PMAA
2VSMB
2H6FB
2AVTA
1S1QA
1W0NA
2VQ2A
2ETJA
1K2XA
3C9QA
3DT5A
1AMUA
3THIA
3BO6A
2ZQ0A
2QW5A
2FP1A
3BHWA
2BD0A
2ZBLA
3EURA
2VBUA
3D1MA
2CN3A
1M1NB
2B0AA
3EPVA
3DJHA
2ID6A
2PYXA
2V79A
3BEMA
2ODFA
2CHCA
2J1PA
2HIMA
2ZE3A
1SQ9A
1O97D
1JNRA
2P4FA
2JE6I
2P6WA
2O0MA
2CXIA
1G3KA
2VBKA
1JB3A
1I58A
1PTMA
2P08A
3C2EA
1YNFA
3D5JA
1DOWA
1J3AA
2NYDA
2Z8AA
2PLRA
1CHMA
2QLWA
2QDYA
2I8GA
2IWRA
1GO3F
2V26A
1OZ2A
2QACA
1DQEA
1UK8A
3C8LA
2V3QA
1WWJA
1KMOA
1RYIA
1GK9B
2NXWA
2EB4A
2DE3A
1D2VC
2BRYA
1ZKOA
1LFPA
3CHBD
2OPCA
2GZQA
2OIKA
1PDOA
2R2OA
2HQ7A
1XODA
1OBOA
1O6GA
2P17A
2GVKA
2QGYA
1CCWB
1KQRA
2QTZA
2NRLA
2V8HA
2HAIA
2UUIA
3C18A
1E2KA
1Z2NX
2RBBA
1I8OA
2D1LA
1GSOA
1DGWA
2AFWA
2J9OA
2NL9A
2QY6A
1G12A
2HQ4A
2PV4A
2PVBA
2FBAA
2ETXA
2BG1A
3F9XA
1Z3EA
3CNEA
1XS5A
3EMFA
1KHYA
1WNAA
2DXQA
1TUOA
1XHNA
1LTZA
2OYZA
2D4XA
1Q16A
1G9GA
3EI9A
1F7LA
2QCVA
1K32A
1JBEA
3CX5B
2VVEA
2P65A
3DMGA
3CLMA
3D0KA
1XFKA
1I8DA
2VKJA
1XKRA
2Z5WA
1M55A
2GKPA
2EX2A
3D33A
1VBKA
1AH7A
1FOBA
1HXRA
1T92A
3ETJA
3C9FA
3DNHA
2VCHA
2IB0A
3B8DA
1NWAA
1P1JA
3E8MA
1PE9A
1EXTA
1XKWA
1Z1YA
1JR2A
3CNUA
3DR2A
1KLXA
1YNBA
2BF6A
2E3NA
3CMBA
1P5VB
1SZWA
3ENBA
2DSTA
1YJ7A
3D6IA
1ITXA
2A9DA
1O4WA
1H6LA
1ZN6A
1QQFA
2GAXA
1YQEA
1WO8A
2VPNA
2E1ZA
2A7BA
3BJDA
2HQ2A
1Y9LA
2B4WA
1LKIA
2Z0QA
1MG7A
2H88D
1YQ5A
2OF3A
1LR5A
3D1RA
3BB9A
2UW1A
2BFDA
2BL8A
2QMLA
1NU0A
2GLZA
1EYHA
1IM5A
2JCQA
1ELWA
1Z5OA
1KCMA
2PQXA
1RU4A
1KT6A
3DLQR
3BDGA
2CKKA
2ZHNA
3E7PA
2GUIA
3B6EA
2REEA
2H98A
2OX6A
2EX0A
2QCUA
1P3CA
1HX1B
3F1LA
2IU5A
1N7ZA
2O71A
1T9FA
2NRRA
3E0HA
2W38A
1W4SA
1R0DA
1UFOA
2UXQA
1LM8B
2HQYA
2AXCA
2G40A
1TZZA
2ENDA
1V54C
2DPFA
2O1MA
2BBEA
2I9IA
2QSQA
1NNFA
1UGXA
2BJKA
1KZFA
1G1TA
1UUYA
1EG5A
2R7DA
3DHIA
3EJNA
2GZ4A
2CXAA
2E8VA
1Q35A
2ODLA
1V96A
2O9UX
2FWTA
2Q5CA
2VVMA
2PTHA
1EU1A
2DYIA
3CPTB
1W5QA
1NG6A
3FKCA
1DZKA
2AMHA
2GAUA
2J1VA
1E19A
1FYEA
1SS4A
2HFKA
2R85A
1V54A
1SACA
2CCHB
2QM8A
1H72C
2RDGA
2A65A
1XCLA
1PPRM
1VE4A
2EHZA
3BS2A
3D02A
1WBEA
1OCYA
2PHJA
2ZQMA
1H7EA
1DGWY
3D9NA
1HX6A
2PMQA
1JOSA
2HYKA
3BFQG
3BXOA
2R2CA
3C9PA
1RW7A
2GLCA
2NYIA
2YVEA
1D4OA
1ZD0A
1TBFA
1U5DA
1IUQA
2Z3ZA
1I0RA
2QNKA
1R4XA
3F6VA
1O7QA
1VLPA
1RO0A
3BP1A
1DD9A
1G66A
2VM9A
1OR0B
1OI7A
1I1WA
1LC5A
2DT8A
3CA8A
1YZ1A
1NBAA
2OU6A
2HALA
3C9HA
1NEPA
2OFCA
2FCJA
2I6HA
1FX2A
1EC7A
1GWUA
1EOKA
1GXYA
1KPFA
2G82A
1PL3A
1F86A
2OV0A
1VHNA
2HL0A
1J2RA
2ITEA
1F1EA
1QG8A
1U1IA
2PU3A
1BEAA
3B44A
3DD7A
2OAAA
2NXFA
1HF8A
1M48A
1ZHXA
1A8LA
3FIAA
1LAMA
2GCIA
2H88C
1QV9A
2RG8A
3CL6A
3BB0A
3DM8A
1T6EX
2OSSA
1RTQA
1FK5A
1S4KA
1UUZA
1NBCA
1JXGA
1WOLA
1E4CP
1TUWA
2HEWF
2OQZA
2Z8FA
2GKEA
3DAGA
2E7ZA
1RG8A
1K7JA
1V5VA
2PBKA
1IDPA
2FH1A
1Y8AA
1ATZA
2Z1MA
3BNYA
2NOOA
3CKCA
2R60A
2F1FA
1X91A
2H30A
1MXIA
3DQGA
2ABSA
2CZLA
1NLNA
1BTNA
2Z8ZA
2I7DA
3E86A
1WTEA
2JE3A
1HQ0A
1U2KA
1LUGA
1AK0A
1NWWA
2BJVA
2QCKA
2AI4A
1WLEA
2O02A
2B0TA
2UVKA
2QIKA
2OQKA
1F74A
2ZOGA
1JL1A
1CV8A
1GWEA
1L1LA
3D1KA
1QQ5A
2P1MB
3BM3A
2R2AA
1W6SA
1SZ7A
1S99A
7A3HA
3FHLA
2GT1A
3D85C
2ABKA
1OOYA
3B47A
2E2DC
2NVOA
1WJXA
1XIZA
3CQLA
1N13B
1CEWI
2VPAA
1F46A
2RC3A
2E8BA
2I8DA
1A3CA
1VJJA
2DXUA
2BKXA
2O36A
2GIGA
1NNXA
1Z6NA
1YDIA
2J5GA
3BS1A
2ZOUA
3BX6A
2ZFDB
1H1NA
1YDGA
2JGPA
1Q8FA
1MR7A
1WWZA
2VG0A
1Y7PA
1OK7A
1VQQA
3D7JA
3C7BA
2QAHA
1I24A
3ESMA
2QCFA
3EL6A
1X13A
3DHIE
1K04A
1K3SA
1SR8A
3CPGA
1NKRA
1VHWA
2QK1A
2PYWA
1JBOA
2PW4A
1W2YA
1DQZA
1X7VA
2GUYA
2AGKA
1HQSA
1YZVA
2UXYA
2VDJA
3B5EA
3F6YA
3DF7A
2QNIA
1WV3A
3F5RA
2PGNA
3E8OA
2QUPA
2CCVA
2ATZA
1WOUA
2PNDA
1B25A
3C7BB
1Y43B
1T1VA
3DFFA
1IZMA
1U7KA
2HD9A
1OD6A
3BYVA
3BL9A
2INWA
3FCNA
1OX0A
1KHCA
1GA8A
2Q2GA
2VN6A
1ON3A
1GWYA
1PCAA
2I33A
2Q8PA
1ISPA
2HXTA
1K0IA
2HNGA
3CWNA
3CKKA
2V76A
2J7QA
1LSHA
2CCQA
1X54A
2GZSA
1OI0A
3DB7A
1U7GA
2VFKA
2R4QA
1E2WA
2VESA
1OSYA
2QIMA
2DDRA
2OITA
2R5UA
1T15A
2CZTA
1TL2A
1KHXA
1M4TA
2FLHA
1SBYA
1I12A
2QR6A
1JY1A
3BLZA
1GKMA
1O4VA
3DJEA
2IHTA
1UWCA
1VMHA
2Q28A
2P12A
1RTTA
1CQYA
3DALA
1W2WA
2IZRA
2H0UA
2PRSA
2ODIA
1S2XA
2FD5A
2P0AA
1REGX
2P4OA
1GCIA
3EMIA
2FE8A
1ZMTA
2F9HA
2R7YA
2AMLA
1JG1A
1J30A
2ESSA
1WZDA
2PFZA
1UI0A
2BSJA
1EF8A
2FUEA
1M2DA
2G5FA
1N08A
1H7CA
3CJYA
2EKGA
1SVMA
2O99A
3F7WA
1GP0A
2J6GA
1VKEA
3BOFA
1EUWA
1R8SA
2V05A
2AHFA
2PKEA
2Q0DA
1XQAA
2UURA
3ED5A
1IWLA
2PQRA
3E7DA
2CE2X
2O95A
1H4XA
1PKHA
1D2TA
1X1NA
2IBNA
1TCAA
1QLMA
1DP4A
1O66A
3BE6A
1XBIA
2FT0A
2C5LC
1VDWA
1V05A
2ES4D
2TNFA
1VD6A
1AZOA
3CHHA
2F6EA
3DSKA
1WVGA
1F3UA
2O9CA
1Y12A
1JDWA
1CMCA
1LFWA
1XWWA
1QU9A
3FAPB
2CI1A
2O5HA
1XSZA
2RA6A
3E0ZA
1BU8A
1J0PA
3BY9A
2ODAA
2Q0SA
1YM3A
2D29A
1R29A
1S1DA
1VRMA
2OQ0A
1DOSA
2I5HA
1PUCA
2PBLA
2Q7WA
1V2BA
3E9VA
3ELJA
2V8FA
2VSMA
3DF8A
2RFFA
2QB7A
2NRKA
2RCIA
1D8HA
1K8KG
1D7PM
2RDMA
1SMBA
1LZLA
1WL8A
1UASA
1S9RA
2HS1A
2W1RA
2EZ9A
1XO0A
2GNRA
2IXMA
2BB6A
1FC3A
1GMXA
3ELQA
1ITVA
3BRCA
2C5QA
2YYYA
2OFKA
2DP9A
1YGAA
3F3KA
2NPNA
1ZA0A
1NWZA
1EV5A
2RDQA
1U14A
1T0TV
1X9IA
1QGEE
1M0WA
1NRJB
2G7BA
2DJFA
1U8VA
1G8EA
3CH4B
3D1PA
3CL5A
2J6LA
1O8BA
1LSLA
2QHPA
1I6LA
2PAGA
1FT5A
1WPNA
2NMLA
3BI1A
2PRXA
1CHDA
3ECFA
3CRVA
1K77A
1PK6A
1E5KA
3FH1A
1W78A
1GUIA
1TADA
2CL2A
3BHYA
1UT7A
2DDXA
3DCZA
2MHRA
1XG0C
3CGXA
1Z5ZA
1KZQA
2Z84A
1GXMA
1HRUA
3BXPA
2FNAA
3CSKA
2I7AA
2GIYA
2GX5A
1WIWA
2QKDA
2HJNA
1TOAA
3EYPA
1LC0A
1T0HB
1YT8A
1TFEA
2FR5A
1QWGA
1F8EA
1KQPA
1W07A
1VI9A
1VL1A
1F00I
1M3QA
1V9FA
3D0JA
2FMPA
2P8BA
1TU9A
2DX7A
2REMA
1THQA
1TE2A
2NWFA
1ZJAA
1GUDA
2Z62A
2VQ8A
1T4BA
2RDXA
1G4MA
2IF6A
2CY5A
2GKMA
2DY0A
2F1KA
1R0VA
2QMAA
3ETZA
1H2VC
1YTLA
2POGA
2GWMA
1I4MA
2E1VA
1X6OA
2HY5C
2PGEA
2GU3A
1P5VA
1U55A
2V7FA
1C96A
1G8MA
1SJYA
2II2A
2EV1A
1V4AA
1A1XA
3CVOA
1UG6A
3E5XA
1UWKA
2DE6A
2Q9RA
2OOKA
3BJNA
2VGAA
3VUBA
1VH4A
2UVJA
1MLAA
1N4AA
8ABPA
1W94A
1ZMAA
1OIHA
2UYOA
1XFFA
2C9WA
2J8WA
1BYIA
1PG6A
2FK8A
2P2SA
2YVQA
1ZXXA
2V9LA
2RGIA
3DFGA
2P0WA
3CAWA
2GQTA
1CZPA
2IA1A
2QT1A
1UUQA
2O6PA
2ZGYA
1GTTA
1W1HA
2NLRA
2Z8RA
2HC8A
2QP8A
3BZWA
1TG7A
1A3AA
1MW9X
1N0QA
2ZDHA
2OKFA
3BQXA
2IJ2A
2PFIA
3CWVA
2F69A
2FEAA
1ZY7A
1M0DA
1UEBA
2JFRA
1OZ9A
1O1YA
1YPQA
3BY4A
2DWUA
1X8QA
1YLXA
1SRAA
1H03P
1IX9A
2B0VA
2ORWA
1J3WA
2VXGA
1IU8A
2H6FA
1VYIA
2PKFA
3CJ1A
1CEOA
2W42A
2ZF9A
1O08A
2R47A
2R8OA
1QWRA
1GV9A
2QVGA
2HX0A
1B12A
3CANA
2OVSA
1RKUA
2C78A
2IH2A
1HN0A
2E11A
1VMBA
1IIRA
1HNJA
3BWSA
1WXCA
2ONSA
1Y0YA
1GSAA
2Z51A
3E1EA
1T61A
1HE1A
1I7QA
2QMCA
2PI2A
3DTZA
2NNUA
2C8MA
1FLMA
2VLIA
2QKPA
2NLVA
1MPGA
1V9YA
2ISBA
1O7JA
3PROC
1A62A
1OQ1A
2E6FA
2OPWA
2YVSA
2D54A
1JSDA
1U7LA
3EDHA
2O4UX
2POFA
3BLNA
3D9XA
2AEBA
3F9MA
2R7GA
2RDEA
1NC5A
1N40A
1T3YA
2Z26A
1D2NA
2CBZA
1NYCA
3DXEA
3C4BA
2VFRA
3DDCB
2VDFA
1VPSA
1GXRA
2FE5A
1P4CA
3FCXA
1F3VA
3EN8A
1USCA
2R4GA
2H8GA
2AQ6A
3BPVA
2JC9A
1X8BA
1QZMA
1GK9A
1CXQA
1UMGA
2D80A
1VKMA
2O0QA
2ILRA
1XLYA
3BY8A
2R25A
1JKXA
2E6MA
2QX2A
2DSKA
2IN3A
1R7AA
1T0BA
2QZCA
1ES5A
2AIBA
1GTKA
2DVTA
3PCGA
3E99A
3DSMA
1R6DA
1ZZWA
1IITA
1VPDA
2QQZA
1RA0A
2RFPA
1J1NA
2IMRA
1S3CA
2PTTA
1TQJA
1QREA
3BVXA
3C3JA
1ZV9A
2FUPA
1ZB1A
1Y4WA
3DZZA
2NSAA
2YV9A
2QV6A
2J66A
2DBYA
2PN1A
2I5NC
2G2UB
2RIJA
1Q8DA
1NUYA
1Y7TA
2H00A
2QE8A
1KQFA
1SGJA
1T56A
1Z67A
2BDRA
1YDYA
2EH3A
1IHZA
2VWSA
2NQLA
2QRUA
2IT9A
1U2HA
1P1MA
1XE7A
3CKJA
1WLJA
2SAKA
1XD3A
1VJNA
2ASBA
2HYTA
2RA8A
3F44A
3B9GA
3BMXA
1UX6A
2LISA
1H4AX
2OQ8A
2BRFA
2V8TA
2Z3QA
1G73A
2OU3A
3DN7A
1G61A
2I02A
2RINA
2HHVA
1N1FA
2GGCA
2DTJA
3BHGA
1R5MA
1JX4A
1J27A
2O90A
1Y5HA
1GU7A
1NIJA
2DEJA
2DQAA
2FE3A
1RY9A
1F2DA
2GNOA
1IOMA
2B3GA
1WOCA
2ICYA
2B9WA
1P5ZB
1C3CA
1L7AA
2QP2A
2H0QA
2V8IA
1J8RA
1T2DA
1LXJA
3BDVA
2OQBA
1EEXG
1Q40B
1CF3A
3CITA
1QW2A
2C0GA
1WVQA
1Q08A
1JHJA
1YW4A
1V54B
1ZHSA
1MGTA
1KGDA
2F46A
3CHMA
2DQLA
1X0TA
2PXXA
1XPPA
1ZLDA
2P45B
1RKIA
3E3XA
2HFNA
1V54D
1CY5A
3BHDA
1KS8A
2VVGA
3EKGA
1BYRA
1YKDA
1JYHA
1YSRA
2MCMA
1JZTA
1KMTA
3DNFA
2A72A
1F0XA
3EC6A
1DEKA
1L3KA
1VP8A
3D0RA
1JHFA
2R0XA
2OLTA
1UW4A
2GGSA
1UTEA
2PI2E
2NYUA
1SENA
3CX5A
3C8NA
1ZD7A
1JMVA
1NPYA
2Z2NA
2H8LA
1YOCA
3F6KA
1EERA
2V7KA
1X9DA
1TJXA
1FIUA
1I2AA
3E11A
2FOZA
2PNQA
2VOVA
2IW1A
2V0PA
2HA8A
2APJA
1QNAA
2RB8A
2D1EA
2EPLX
1U09A
1CCWA
2YWIA
2VHAA
2VFOA
2PA7A
1WHIA
1US5A
2OKMA
3BZMA
2Q09A
3BQKA
2QDJA
1OWLA
1XCRA
1WBHA
2HVWA
1G7SA
3D7IA
2Z0TA
1LSHB
2QHQA
2FG1A
1VLYA
1QWOA
1WMWA
1GQIA
1PU6A
3BIQA
2RDKA
2RFQA
1A73A
3CTPA
2NZ7A
2JKGA
1JYOE
1KA1A
2B4HA
2AJ7A
2RG4A
1GNYA
1VYRA
2B7KA
2ID4A
1AMFA
1JYAA
2QPXA
1GY7A
2F2HA
1JF3A
2OIZD
2VY8A
1WD3A
1LBUA
2OZJA
1EX2A
1VH5A
2UV0E
2J0AA
2I9CA
2HJEA
1N55A
2B5GA
2G95A
2PGDA
2HU9A
3C8CA
1A12A
1XLQA
3FFYA
4UBPC
1YXYA
1YCDA
3CX5H
2GSOA
2ZS0D
1RF6A
1H80A
3C2QA
1CVRA
3BQAA
1WOJA
2P0NA
1GKPA
1Q8IA
2H88A
2F2BA
1Z6OA
2QMJA
2VRWB
1NP6A
1YLMA
3C5VA
2Z6WA
3DK9A
1V74A
1Q6OA
1V9MA
2FHFA
1SSQA
3B33A
1LM8V
3EXMA
2R5OA
2NW0A
2C0NA
2W6KA
1QMGA
2FHPA
2AO9A
2FSRA
3BHOA
2PC1A
1XKIA
2FL7A
3B34A
3B5MA
3DMLA
1K8KC
1H6FA
2BU3A
1FKMA
3CI6A
3C10A
1Q5ZA
1MBMA
1SYYA
1L6PA
1LS1A
3DHIB
1ZS9A
1QO7A
2OS0A
2BWQA
3CJPA
1PSWA
2BMOA
2OEBA
1YN3A
2RKQA
1ZRUA
2FWHA
3BF7A
2Z8TX
2I71A
3BUXB
1UQTA
1P0KA
2CCWA
2HY5B
2Q82A
2IAYA
2HUHA
2FVYA
1QTWA
1RKTA
3CMGA
2VPTA
2G45A
3EWNA
2E1FA
1VYBA
1CL8A
2FPHX
2QIBA
1U7IA
2BG5A
1Z70X
1Q7LA
1VKFA
1YQSA
1O2DA
2FCTA
1VQTA
2AKZA
2OIZA
1US0A
2CYJA
2D7VA
3BK5A
1T1JA
3D5PA
2ZD7A
2C0HA
1ODMA
1OGDA
2QUOA
2P9XA
1XSVA
3PVIA
1D0CA
2E7VA
2FOMB
1S95A
2IMFA
2QJVA
3E8TA
3BIYA
1MKKA
2H5OA
2OYOA
2HO3A
1K8KF
2PMUA
2CMGA
2OKTA
1ZI8A
3B49A
2QKFA
1C5EA
1RCQA
3BGEA
2P3PA
1QQP1
2B4VA
2PS1A
1I60A
2ES9A
1V2XA
2C2UA
1RUTX
1ZP4A
2Q7SA
1TR9A
1ZELA
1XEWY
1YFQA
1VR7A
1OF8A
2R3BA
1B8OA
2OEZA
1J0HA
2P3YA
2BEMA
2FUFA
1VJFA
3C5NA
1YARO
3BODA
1N62A
1SDIA
2ZQOA
1MTYD
2UY1A
1KYFA
1E6UA
1YWFA
2GS5A
1R75A
1AOLA
1I2KA
1XKPA
1S12A
3FG9A
2GUKA
2PN6A
1OOEA
1EARA
3SEBA
2Z5BA
2E85A
2FQXA
2H5CA
2GEYA
1SH8A
2CX7A
2FSJA
3CK6A
1YIIA
2QFAA
1MKAA
2PA8L
3EFYA
3DOUA
2C2IA
2R31A
2E3BA
1WY2A
1SAUA
3DUPA
2GF3A
3DHUA
2YWWA
2VEBA
2Z1EA
1VRAA
1UD9A
1R0UA
2HX5A
1LNIA
1ON2A
3BEDA
1S7IA
2YXOA
2O5UA
2HY7A
2VHJA
3E4FA
2F02A
2INUA
3B8FA
1GTVA
1V8HA
2Z6FA
1MMLA
1TR0A
1QSTA
2PKHA
3DQPA
1QXMA
1JETA
2NW8A
2FEFA
2Q8GA
2FD4A
1MUNA
1EL6A
1BYFA
2ZFNA
1OOHA
1DDWA
2CHHA
3CE6A
1UV4A
1VE1A
2Z0DA
1YW5A
2OIWA
1W99A
1CQ3A
1FSGA
2R6UA
3EWJA
2OHWA
3F2ZA
1MN8A
2FKKA
2J73A
2GMQA
1L7LA
2Z08A
2QFNA
2CDUA
3ELNA
3D6KA
1NKGA
1AL3A
1XDZA
2Z10A
3BA3A
1DV1A
2ECEA
2CZVC
1U02A
2QJWA
2O8MA
1WS8A
2JC5A
2G8SA
1V2ZA
2C61A
2P14A
1ZVTA
1OW4A
